<?xml version="1.0" encoding="UTF-8"?>
<robot generator="Robot 3.2.1 (Python 3.8.3 on win32)" generated="20200703 10:37:07.592" rpa="false">
<suite id="s1" name="Tests" source="C:\RPAChallenge\Tests">
<suite id="s1-s1" name="FoodieRecipes" source="C:\RPAChallenge\Tests\FoodieRecipes.robot">
<test id="s1-s1-t1" name="Navigate to Foodie Front Page">
<kw name="Begin Web Test" library="Common" type="setup">
<kw name="Open Browser" library="SeleniumLibrary">
<doc>Opens a new browser instance to the optional ``url``.</doc>
<arguments>
<arg>about:blank</arg>
<arg>Chrome</arg>
</arguments>
<msg timestamp="20200703 10:37:07.825" level="INFO">Opening browser 'Chrome' to base url 'about:blank'.</msg>
<status status="PASS" starttime="20200703 10:37:07.825" endtime="20200703 10:37:11.010"></status>
</kw>
<kw name="Maximize Browser Window" library="SeleniumLibrary">
<doc>Maximizes current browser window.</doc>
<status status="PASS" starttime="20200703 10:37:11.010" endtime="20200703 10:37:13.149"></status>
</kw>
<status status="PASS" starttime="20200703 10:37:07.824" endtime="20200703 10:37:13.149"></status>
</kw>
<kw name="Go to Foodie Front Page" library="FoodieApp">
<kw name="Load Foodie Front Page" library="FrontPage">
<kw name="Go To" library="SeleniumLibrary">
<doc>Navigates the current browser window to the provided ``url``.</doc>
<arguments>
<arg>https://www.foodie.fi/</arg>
</arguments>
<msg timestamp="20200703 10:37:13.151" level="INFO">Opening url 'https://www.foodie.fi/'</msg>
<status status="PASS" starttime="20200703 10:37:13.151" endtime="20200703 10:37:15.154"></status>
</kw>
<kw name="Wait Until Page Contains Element" library="SeleniumLibrary">
<doc>Waits until the element ``locator`` appears on the current page.</doc>
<arguments>
<arg>${FRONTPAGE_PANEL}</arg>
</arguments>
<status status="PASS" starttime="20200703 10:37:15.154" endtime="20200703 10:37:15.184"></status>
</kw>
<kw name="Title Should Be" library="SeleniumLibrary">
<doc>Verifies that the current page title equals ``title``.</doc>
<arguments>
<arg>Foodie.fi</arg>
</arguments>
<msg timestamp="20200703 10:37:15.237" level="INFO">Page title is 'Foodie.fi'.</msg>
<status status="PASS" starttime="20200703 10:37:15.184" endtime="20200703 10:37:15.237"></status>
</kw>
<status status="PASS" starttime="20200703 10:37:13.151" endtime="20200703 10:37:15.238"></status>
</kw>
<status status="PASS" starttime="20200703 10:37:13.150" endtime="20200703 10:37:15.238"></status>
</kw>
<kw name="End Web Test" library="Common" type="teardown">
<kw name="Close Browser" library="SeleniumLibrary">
<doc>Closes the current browser.</doc>
<status status="PASS" starttime="20200703 10:37:15.239" endtime="20200703 10:37:17.464"></status>
</kw>
<status status="PASS" starttime="20200703 10:37:15.239" endtime="20200703 10:37:17.465"></status>
</kw>
<status status="PASS" starttime="20200703 10:37:07.824" endtime="20200703 10:37:17.467" critical="yes"></status>
</test>
<test id="s1-s1-t2" name="Search a recipe">
<kw name="Begin Web Test" library="Common" type="setup">
<kw name="Open Browser" library="SeleniumLibrary">
<doc>Opens a new browser instance to the optional ``url``.</doc>
<arguments>
<arg>about:blank</arg>
<arg>Chrome</arg>
</arguments>
<msg timestamp="20200703 10:37:17.484" level="INFO">Opening browser 'Chrome' to base url 'about:blank'.</msg>
<status status="PASS" starttime="20200703 10:37:17.483" endtime="20200703 10:37:20.720"></status>
</kw>
<kw name="Maximize Browser Window" library="SeleniumLibrary">
<doc>Maximizes current browser window.</doc>
<status status="PASS" starttime="20200703 10:37:20.721" endtime="20200703 10:37:22.844"></status>
</kw>
<status status="PASS" starttime="20200703 10:37:17.479" endtime="20200703 10:37:22.844"></status>
</kw>
<kw name="Go to Foodie Front Page" library="FoodieApp">
<kw name="Load Foodie Front Page" library="FrontPage">
<kw name="Go To" library="SeleniumLibrary">
<doc>Navigates the current browser window to the provided ``url``.</doc>
<arguments>
<arg>https://www.foodie.fi/</arg>
</arguments>
<msg timestamp="20200703 10:37:22.847" level="INFO">Opening url 'https://www.foodie.fi/'</msg>
<status status="PASS" starttime="20200703 10:37:22.847" endtime="20200703 10:37:24.915"></status>
</kw>
<kw name="Wait Until Page Contains Element" library="SeleniumLibrary">
<doc>Waits until the element ``locator`` appears on the current page.</doc>
<arguments>
<arg>${FRONTPAGE_PANEL}</arg>
</arguments>
<status status="PASS" starttime="20200703 10:37:24.915" endtime="20200703 10:37:24.978"></status>
</kw>
<kw name="Title Should Be" library="SeleniumLibrary">
<doc>Verifies that the current page title equals ``title``.</doc>
<arguments>
<arg>Foodie.fi</arg>
</arguments>
<msg timestamp="20200703 10:37:24.995" level="INFO">Page title is 'Foodie.fi'.</msg>
<status status="PASS" starttime="20200703 10:37:24.978" endtime="20200703 10:37:24.996"></status>
</kw>
<status status="PASS" starttime="20200703 10:37:22.847" endtime="20200703 10:37:24.996"></status>
</kw>
<status status="PASS" starttime="20200703 10:37:22.846" endtime="20200703 10:37:24.996"></status>
</kw>
<kw name="Search Recipe with a search term" library="FoodieApp">
<arguments>
<arg>Makkara</arg>
</arguments>
<kw name="Input search phrase" library="TopNav">
<arguments>
<arg>${Search_term}</arg>
</arguments>
<kw name="Input Text" library="SeleniumLibrary">
<doc>Types the given ``text`` into the text field identified by ``locator``.</doc>
<arguments>
<arg>${TOPNAV_SEARCH_INPUT}</arg>
<arg>${Search_phrase}</arg>
</arguments>
<msg timestamp="20200703 10:37:25.000" level="INFO">Typing text 'Makkara' into text field 'id=multisearch-query'.</msg>
<status status="PASS" starttime="20200703 10:37:24.999" endtime="20200703 10:37:25.198"></status>
</kw>
<status status="PASS" starttime="20200703 10:37:24.999" endtime="20200703 10:37:25.198"></status>
</kw>
<kw name="Select category for search" library="TopNav">
<arguments>
<arg>Reseptit</arg>
</arguments>
<kw name="Wait Until Page Contains Element" library="SeleniumLibrary">
<doc>Waits until the element ``locator`` appears on the current page.</doc>
<arguments>
<arg>${TOPNAV_CATEGORYLIST}</arg>
</arguments>
<status status="PASS" starttime="20200703 10:37:25.199" endtime="20200703 10:37:25.213"></status>
</kw>
<kw name="Click Element" library="SeleniumLibrary">
<doc>Click the element identified by ``locator``.</doc>
<arguments>
<arg>${TOPNAV_CATEGORYLIST}</arg>
</arguments>
<msg timestamp="20200703 10:37:25.213" level="INFO">Clicking element 'css=div[class='chzn-container chzn-container-single']'.</msg>
<status status="PASS" starttime="20200703 10:37:25.213" endtime="20200703 10:37:25.696"></status>
</kw>
<kw name="Get multisearch category locator" library="TopNav">
<arguments>
<arg>${Category}</arg>
</arguments>
<assign>
<var>${List_locator}</var>
</assign>
<msg timestamp="20200703 10:37:25.697" level="INFO">${List_locator} = //li[contains(text(), 'Reseptit')]</msg>
<status status="PASS" starttime="20200703 10:37:25.697" endtime="20200703 10:37:25.697"></status>
</kw>
<kw name="Click Element" library="SeleniumLibrary">
<doc>Click the element identified by ``locator``.</doc>
<arguments>
<arg>${List_locator}</arg>
</arguments>
<msg timestamp="20200703 10:37:25.698" level="INFO">Clicking element '//li[contains(text(), 'Reseptit')]'.</msg>
<status status="PASS" starttime="20200703 10:37:25.698" endtime="20200703 10:37:25.787"></status>
</kw>
<status status="PASS" starttime="20200703 10:37:25.198" endtime="20200703 10:37:25.788"></status>
</kw>
<kw name="Click search button" library="TopNav">
<kw name="Click Element" library="SeleniumLibrary">
<doc>Click the element identified by ``locator``.</doc>
<arguments>
<arg>${TOPNAV_SEARCH_BTN}</arg>
</arguments>
<msg timestamp="20200703 10:37:25.789" level="INFO">Clicking element 'id=multisearch-btn'.</msg>
<status status="PASS" starttime="20200703 10:37:25.789" endtime="20200703 10:37:25.930"></status>
</kw>
<status status="PASS" starttime="20200703 10:37:25.788" endtime="20200703 10:37:25.931"></status>
</kw>
<kw name="Page title should contain the search phrase" library="SearchResultsRecipes">
<arguments>
<arg>${Search_term}</arg>
</arguments>
<kw name="Wait Until Page Contains Element" library="SeleniumLibrary">
<doc>Waits until the element ``locator`` appears on the current page.</doc>
<arguments>
<arg>${SRCH_RCIPES_TITLE}</arg>
</arguments>
<status status="PASS" starttime="20200703 10:37:25.932" endtime="20200703 10:37:26.233"></status>
</kw>
<kw name="Element Should Contain" library="SeleniumLibrary">
<doc>Verifies that element ``locator`` contains text ``expected``.</doc>
<arguments>
<arg>${SRCH_RCIPES_TITLE}</arg>
<arg>${Search_phrase}</arg>
</arguments>
<msg timestamp="20200703 10:37:26.665" level="INFO">Element 'CSS=h2[class=category-header]' contains text 'Makkara'.</msg>
<status status="PASS" starttime="20200703 10:37:26.233" endtime="20200703 10:37:26.665"></status>
</kw>
<status status="PASS" starttime="20200703 10:37:25.931" endtime="20200703 10:37:26.666"></status>
</kw>
<status status="PASS" starttime="20200703 10:37:24.998" endtime="20200703 10:37:26.666"></status>
</kw>
<kw name="Select First Recipe" library="FoodieApp">
<kw name="Get recipe title by order number" library="SearchResultsRecipes">
<arguments>
<arg>1</arg>
</arguments>
<assign>
<var>${Recipe_name}</var>
</assign>
<kw name="Wait Until Page Contains Element" library="SeleniumLibrary">
<doc>Waits until the element ``locator`` appears on the current page.</doc>
<arguments>
<arg>${SRCH_RCIPES_TITLE}</arg>
</arguments>
<status status="PASS" starttime="20200703 10:37:26.668" endtime="20200703 10:37:26.684"></status>
</kw>
<kw name="Get recipe name locator" library="SearchResultsRecipes">
<arguments>
<arg>${ordernumber}</arg>
</arguments>
<assign>
<var>${Name_locator}</var>
</assign>
<msg timestamp="20200703 10:37:26.686" level="INFO">${Name_locator} = //ul[@class='shelf clear cleafix']/li[1]//div[@class='name']</msg>
<status status="PASS" starttime="20200703 10:37:26.685" endtime="20200703 10:37:26.686"></status>
</kw>
<kw name="Get Text" library="SeleniumLibrary">
<doc>Returns the text value of the element identified by ``locator``.</doc>
<arguments>
<arg>${Name_locator}</arg>
</arguments>
<assign>
<var>${title}</var>
</assign>
<msg timestamp="20200703 10:37:26.753" level="INFO">${title} = Makkarapata</msg>
<status status="PASS" starttime="20200703 10:37:26.686" endtime="20200703 10:37:26.753"></status>
</kw>
<msg timestamp="20200703 10:37:26.753" level="INFO">${Recipe_name} = Makkarapata</msg>
<status status="PASS" starttime="20200703 10:37:26.667" endtime="20200703 10:37:26.754"></status>
</kw>
<kw name="Log" library="BuiltIn">
<doc>Logs the given message with the given level.</doc>
<arguments>
<arg>${Recipe_name}</arg>
</arguments>
<msg timestamp="20200703 10:37:26.754" level="INFO">Makkarapata</msg>
<status status="PASS" starttime="20200703 10:37:26.754" endtime="20200703 10:37:26.754"></status>
</kw>
<kw name="Select Recipe by order number" library="SearchResultsRecipes">
<arguments>
<arg>1</arg>
</arguments>
<kw name="Wait Until Page Contains Element" library="SeleniumLibrary">
<doc>Waits until the element ``locator`` appears on the current page.</doc>
<arguments>
<arg>${SRCH_RCIPES_TITLE}</arg>
</arguments>
<status status="PASS" starttime="20200703 10:37:26.755" endtime="20200703 10:37:26.767"></status>
</kw>
<kw name="Get search result locator" library="SearchResultsRecipes">
<arguments>
<arg>${ordernumber}</arg>
</arguments>
<assign>
<var>${Recipe_locator}</var>
</assign>
<msg timestamp="20200703 10:37:26.768" level="INFO">${Recipe_locator} = //ul[@class='shelf clear cleafix']/li[1]</msg>
<status status="PASS" starttime="20200703 10:37:26.767" endtime="20200703 10:37:26.768"></status>
</kw>
<kw name="Click Element" library="SeleniumLibrary">
<doc>Click the element identified by ``locator``.</doc>
<arguments>
<arg>${Recipe_locator}</arg>
</arguments>
<msg timestamp="20200703 10:37:26.768" level="INFO">Clicking element '//ul[@class='shelf clear cleafix']/li[1]'.</msg>
<status status="PASS" starttime="20200703 10:37:26.768" endtime="20200703 10:37:26.915"></status>
</kw>
<status status="PASS" starttime="20200703 10:37:26.755" endtime="20200703 10:37:26.916"></status>
</kw>
<kw name="Recipe title should contain the" library="RecipePage">
<arguments>
<arg>${Recipe_name}</arg>
</arguments>
<kw name="Wait Until Page Contains Element" library="SeleniumLibrary">
<doc>Waits until the element ``locator`` appears on the current page.</doc>
<arguments>
<arg>${RECIPE_TITLE}</arg>
</arguments>
<status status="PASS" starttime="20200703 10:37:26.917" endtime="20200703 10:37:27.150"></status>
</kw>
<kw name="Element Should Contain" library="SeleniumLibrary">
<doc>Verifies that element ``locator`` contains text ``expected``.</doc>
<arguments>
<arg>${RECIPE_TITLE}</arg>
<arg>${Recipe_name}</arg>
</arguments>
<msg timestamp="20200703 10:37:27.181" level="INFO">Element 'css=h1[itemprop]' contains text 'Makkarapata'.</msg>
<status status="PASS" starttime="20200703 10:37:27.150" endtime="20200703 10:37:27.181"></status>
</kw>
<status status="PASS" starttime="20200703 10:37:26.916" endtime="20200703 10:37:27.181"></status>
</kw>
<status status="PASS" starttime="20200703 10:37:26.667" endtime="20200703 10:37:27.181"></status>
</kw>
<kw name="End Web Test" library="Common" type="teardown">
<kw name="Close Browser" library="SeleniumLibrary">
<doc>Closes the current browser.</doc>
<status status="PASS" starttime="20200703 10:37:27.183" endtime="20200703 10:37:29.446"></status>
</kw>
<status status="PASS" starttime="20200703 10:37:27.182" endtime="20200703 10:37:29.446"></status>
</kw>
<status status="PASS" starttime="20200703 10:37:17.476" endtime="20200703 10:37:29.448" critical="yes"></status>
</test>
<test id="s1-s1-t3" name="Add a receipe to the shopping list">
<kw name="Begin Web Test" library="Common" type="setup">
<kw name="Open Browser" library="SeleniumLibrary">
<doc>Opens a new browser instance to the optional ``url``.</doc>
<arguments>
<arg>about:blank</arg>
<arg>Chrome</arg>
</arguments>
<msg timestamp="20200703 10:37:29.459" level="INFO">Opening browser 'Chrome' to base url 'about:blank'.</msg>
<status status="PASS" starttime="20200703 10:37:29.458" endtime="20200703 10:37:32.623"></status>
</kw>
<kw name="Maximize Browser Window" library="SeleniumLibrary">
<doc>Maximizes current browser window.</doc>
<status status="PASS" starttime="20200703 10:37:32.624" endtime="20200703 10:37:34.756"></status>
</kw>
<status status="PASS" starttime="20200703 10:37:29.457" endtime="20200703 10:37:34.756"></status>
</kw>
<kw name="Go to Foodie Front Page" library="FoodieApp">
<kw name="Load Foodie Front Page" library="FrontPage">
<kw name="Go To" library="SeleniumLibrary">
<doc>Navigates the current browser window to the provided ``url``.</doc>
<arguments>
<arg>https://www.foodie.fi/</arg>
</arguments>
<msg timestamp="20200703 10:37:34.758" level="INFO">Opening url 'https://www.foodie.fi/'</msg>
<status status="PASS" starttime="20200703 10:37:34.757" endtime="20200703 10:37:36.656"></status>
</kw>
<kw name="Wait Until Page Contains Element" library="SeleniumLibrary">
<doc>Waits until the element ``locator`` appears on the current page.</doc>
<arguments>
<arg>${FRONTPAGE_PANEL}</arg>
</arguments>
<status status="PASS" starttime="20200703 10:37:36.657" endtime="20200703 10:37:36.849"></status>
</kw>
<kw name="Title Should Be" library="SeleniumLibrary">
<doc>Verifies that the current page title equals ``title``.</doc>
<arguments>
<arg>Foodie.fi</arg>
</arguments>
<msg timestamp="20200703 10:37:36.857" level="INFO">Page title is 'Foodie.fi'.</msg>
<status status="PASS" starttime="20200703 10:37:36.849" endtime="20200703 10:37:36.857"></status>
</kw>
<status status="PASS" starttime="20200703 10:37:34.757" endtime="20200703 10:37:36.857"></status>
</kw>
<status status="PASS" starttime="20200703 10:37:34.757" endtime="20200703 10:37:36.858"></status>
</kw>
<kw name="Search Recipe with a search term" library="FoodieApp">
<arguments>
<arg>Mansikka</arg>
</arguments>
<kw name="Input search phrase" library="TopNav">
<arguments>
<arg>${Search_term}</arg>
</arguments>
<kw name="Input Text" library="SeleniumLibrary">
<doc>Types the given ``text`` into the text field identified by ``locator``.</doc>
<arguments>
<arg>${TOPNAV_SEARCH_INPUT}</arg>
<arg>${Search_phrase}</arg>
</arguments>
<msg timestamp="20200703 10:37:36.860" level="INFO">Typing text 'Mansikka' into text field 'id=multisearch-query'.</msg>
<status status="PASS" starttime="20200703 10:37:36.860" endtime="20200703 10:37:37.109"></status>
</kw>
<status status="PASS" starttime="20200703 10:37:36.859" endtime="20200703 10:37:37.109"></status>
</kw>
<kw name="Select category for search" library="TopNav">
<arguments>
<arg>Reseptit</arg>
</arguments>
<kw name="Wait Until Page Contains Element" library="SeleniumLibrary">
<doc>Waits until the element ``locator`` appears on the current page.</doc>
<arguments>
<arg>${TOPNAV_CATEGORYLIST}</arg>
</arguments>
<status status="PASS" starttime="20200703 10:37:37.110" endtime="20200703 10:37:37.122"></status>
</kw>
<kw name="Click Element" library="SeleniumLibrary">
<doc>Click the element identified by ``locator``.</doc>
<arguments>
<arg>${TOPNAV_CATEGORYLIST}</arg>
</arguments>
<msg timestamp="20200703 10:37:37.122" level="INFO">Clicking element 'css=div[class='chzn-container chzn-container-single']'.</msg>
<status status="PASS" starttime="20200703 10:37:37.122" endtime="20200703 10:37:37.612"></status>
</kw>
<kw name="Get multisearch category locator" library="TopNav">
<arguments>
<arg>${Category}</arg>
</arguments>
<assign>
<var>${List_locator}</var>
</assign>
<msg timestamp="20200703 10:37:37.613" level="INFO">${List_locator} = //li[contains(text(), 'Reseptit')]</msg>
<status status="PASS" starttime="20200703 10:37:37.613" endtime="20200703 10:37:37.613"></status>
</kw>
<kw name="Click Element" library="SeleniumLibrary">
<doc>Click the element identified by ``locator``.</doc>
<arguments>
<arg>${List_locator}</arg>
</arguments>
<msg timestamp="20200703 10:37:37.614" level="INFO">Clicking element '//li[contains(text(), 'Reseptit')]'.</msg>
<status status="PASS" starttime="20200703 10:37:37.614" endtime="20200703 10:37:37.751"></status>
</kw>
<status status="PASS" starttime="20200703 10:37:37.109" endtime="20200703 10:37:37.751"></status>
</kw>
<kw name="Click search button" library="TopNav">
<kw name="Click Element" library="SeleniumLibrary">
<doc>Click the element identified by ``locator``.</doc>
<arguments>
<arg>${TOPNAV_SEARCH_BTN}</arg>
</arguments>
<msg timestamp="20200703 10:37:37.752" level="INFO">Clicking element 'id=multisearch-btn'.</msg>
<status status="PASS" starttime="20200703 10:37:37.752" endtime="20200703 10:37:37.897"></status>
</kw>
<status status="PASS" starttime="20200703 10:37:37.752" endtime="20200703 10:37:37.898"></status>
</kw>
<kw name="Page title should contain the search phrase" library="SearchResultsRecipes">
<arguments>
<arg>${Search_term}</arg>
</arguments>
<kw name="Wait Until Page Contains Element" library="SeleniumLibrary">
<doc>Waits until the element ``locator`` appears on the current page.</doc>
<arguments>
<arg>${SRCH_RCIPES_TITLE}</arg>
</arguments>
<status status="PASS" starttime="20200703 10:37:37.898" endtime="20200703 10:37:38.434"></status>
</kw>
<kw name="Element Should Contain" library="SeleniumLibrary">
<doc>Verifies that element ``locator`` contains text ``expected``.</doc>
<arguments>
<arg>${SRCH_RCIPES_TITLE}</arg>
<arg>${Search_phrase}</arg>
</arguments>
<msg timestamp="20200703 10:37:38.618" level="INFO">Element 'CSS=h2[class=category-header]' contains text 'Mansikka'.</msg>
<status status="PASS" starttime="20200703 10:37:38.434" endtime="20200703 10:37:38.619"></status>
</kw>
<status status="PASS" starttime="20200703 10:37:37.898" endtime="20200703 10:37:38.619"></status>
</kw>
<status status="PASS" starttime="20200703 10:37:36.859" endtime="20200703 10:37:38.620"></status>
</kw>
<kw name="Select First Recipe" library="FoodieApp">
<kw name="Get recipe title by order number" library="SearchResultsRecipes">
<arguments>
<arg>1</arg>
</arguments>
<assign>
<var>${Recipe_name}</var>
</assign>
<kw name="Wait Until Page Contains Element" library="SeleniumLibrary">
<doc>Waits until the element ``locator`` appears on the current page.</doc>
<arguments>
<arg>${SRCH_RCIPES_TITLE}</arg>
</arguments>
<status status="PASS" starttime="20200703 10:37:38.623" endtime="20200703 10:37:38.643"></status>
</kw>
<kw name="Get recipe name locator" library="SearchResultsRecipes">
<arguments>
<arg>${ordernumber}</arg>
</arguments>
<assign>
<var>${Name_locator}</var>
</assign>
<msg timestamp="20200703 10:37:38.646" level="INFO">${Name_locator} = //ul[@class='shelf clear cleafix']/li[1]//div[@class='name']</msg>
<status status="PASS" starttime="20200703 10:37:38.644" endtime="20200703 10:37:38.646"></status>
</kw>
<kw name="Get Text" library="SeleniumLibrary">
<doc>Returns the text value of the element identified by ``locator``.</doc>
<arguments>
<arg>${Name_locator}</arg>
</arguments>
<assign>
<var>${title}</var>
</assign>
<msg timestamp="20200703 10:37:38.706" level="INFO">${title} = Helppo kerroskiisseli</msg>
<status status="PASS" starttime="20200703 10:37:38.646" endtime="20200703 10:37:38.706"></status>
</kw>
<msg timestamp="20200703 10:37:38.706" level="INFO">${Recipe_name} = Helppo kerroskiisseli</msg>
<status status="PASS" starttime="20200703 10:37:38.622" endtime="20200703 10:37:38.706"></status>
</kw>
<kw name="Log" library="BuiltIn">
<doc>Logs the given message with the given level.</doc>
<arguments>
<arg>${Recipe_name}</arg>
</arguments>
<msg timestamp="20200703 10:37:38.707" level="INFO">Helppo kerroskiisseli</msg>
<status status="PASS" starttime="20200703 10:37:38.707" endtime="20200703 10:37:38.707"></status>
</kw>
<kw name="Select Recipe by order number" library="SearchResultsRecipes">
<arguments>
<arg>1</arg>
</arguments>
<kw name="Wait Until Page Contains Element" library="SeleniumLibrary">
<doc>Waits until the element ``locator`` appears on the current page.</doc>
<arguments>
<arg>${SRCH_RCIPES_TITLE}</arg>
</arguments>
<status status="PASS" starttime="20200703 10:37:38.708" endtime="20200703 10:37:38.736"></status>
</kw>
<kw name="Get search result locator" library="SearchResultsRecipes">
<arguments>
<arg>${ordernumber}</arg>
</arguments>
<assign>
<var>${Recipe_locator}</var>
</assign>
<msg timestamp="20200703 10:37:38.738" level="INFO">${Recipe_locator} = //ul[@class='shelf clear cleafix']/li[1]</msg>
<status status="PASS" starttime="20200703 10:37:38.736" endtime="20200703 10:37:38.738"></status>
</kw>
<kw name="Click Element" library="SeleniumLibrary">
<doc>Click the element identified by ``locator``.</doc>
<arguments>
<arg>${Recipe_locator}</arg>
</arguments>
<msg timestamp="20200703 10:37:38.739" level="INFO">Clicking element '//ul[@class='shelf clear cleafix']/li[1]'.</msg>
<status status="PASS" starttime="20200703 10:37:38.738" endtime="20200703 10:37:38.926"></status>
</kw>
<status status="PASS" starttime="20200703 10:37:38.707" endtime="20200703 10:37:38.928"></status>
</kw>
<kw name="Recipe title should contain the" library="RecipePage">
<arguments>
<arg>${Recipe_name}</arg>
</arguments>
<kw name="Wait Until Page Contains Element" library="SeleniumLibrary">
<doc>Waits until the element ``locator`` appears on the current page.</doc>
<arguments>
<arg>${RECIPE_TITLE}</arg>
</arguments>
<status status="PASS" starttime="20200703 10:37:38.930" endtime="20200703 10:37:39.155"></status>
</kw>
<kw name="Element Should Contain" library="SeleniumLibrary">
<doc>Verifies that element ``locator`` contains text ``expected``.</doc>
<arguments>
<arg>${RECIPE_TITLE}</arg>
<arg>${Recipe_name}</arg>
</arguments>
<msg timestamp="20200703 10:37:39.184" level="INFO">Element 'css=h1[itemprop]' contains text 'Helppo kerroskiisseli'.</msg>
<status status="PASS" starttime="20200703 10:37:39.155" endtime="20200703 10:37:39.184"></status>
</kw>
<status status="PASS" starttime="20200703 10:37:38.928" endtime="20200703 10:37:39.185"></status>
</kw>
<status status="PASS" starttime="20200703 10:37:38.621" endtime="20200703 10:37:39.185"></status>
</kw>
<kw name="Add selected recipe to shopping cart" library="FoodieApp">
<kw name="Add recipe to cart" library="RecipePage">
<kw name="Wait Until Page Contains Element" library="SeleniumLibrary">
<doc>Waits until the element ``locator`` appears on the current page.</doc>
<arguments>
<arg>${RECIPE_TITLE}</arg>
</arguments>
<status status="PASS" starttime="20200703 10:37:39.187" endtime="20200703 10:37:39.197"></status>
</kw>
<kw name="Click Element" library="SeleniumLibrary">
<doc>Click the element identified by ``locator``.</doc>
<arguments>
<arg>${RECIPE_ADD_TO_CART_BTN}</arg>
</arguments>
<msg timestamp="20200703 10:37:39.197" level="INFO">Clicking element 'xpath=//span[@class="block amount-label-text"]'.</msg>
<status status="PASS" starttime="20200703 10:37:39.197" endtime="20200703 10:37:39.365"></status>
</kw>
<status status="PASS" starttime="20200703 10:37:39.186" endtime="20200703 10:37:39.365"></status>
</kw>
<status status="PASS" starttime="20200703 10:37:39.186" endtime="20200703 10:37:39.365"></status>
</kw>
<kw name="End Web Test" library="Common" type="teardown">
<kw name="Close Browser" library="SeleniumLibrary">
<doc>Closes the current browser.</doc>
<status status="PASS" starttime="20200703 10:37:39.367" endtime="20200703 10:37:41.592"></status>
</kw>
<status status="PASS" starttime="20200703 10:37:39.366" endtime="20200703 10:37:41.592"></status>
</kw>
<status status="PASS" starttime="20200703 10:37:29.454" endtime="20200703 10:37:41.593" critical="yes"></status>
</test>
<status status="PASS" starttime="20200703 10:37:07.624" endtime="20200703 10:37:41.598"></status>
</suite>
<status status="PASS" starttime="20200703 10:37:07.596" endtime="20200703 10:37:41.604"></status>
</suite>
<statistics>
<total>
<stat pass="3" fail="0">Critical Tests</stat>
<stat pass="3" fail="0">All Tests</stat>
</total>
<tag>
</tag>
<suite>
<stat pass="3" fail="0" id="s1" name="Tests">Tests</stat>
<stat pass="3" fail="0" id="s1-s1" name="FoodieRecipes">Tests.FoodieRecipes</stat>
</suite>
</statistics>
<errors>
</errors>
</robot>
