<?xml version="1.0" encoding="UTF-8"?>
<robot generator="Robot 3.2.1 (Python 3.8.3 on win32)" generated="20200701 16:19:17.657" rpa="false">
<suite id="s1" name="Tests" source="C:\RPAChallenge\Tests">
<suite id="s1-s1" name="FoodieReceipts" source="C:\RPAChallenge\Tests\FoodieReceipts.robot">
<test id="s1-s1-t1" name="Navigate to Foodie Front Page">
<kw name="Begin Web Test" library="Common" type="setup">
<kw name="Open Browser" library="SeleniumLibrary">
<doc>Opens a new browser instance to the optional ``url``.</doc>
<arguments>
<arg>about:blank</arg>
<arg>Chrome</arg>
</arguments>
<msg timestamp="20200701 16:19:18.028" level="INFO">Opening browser 'Chrome' to base url 'about:blank'.</msg>
<status status="PASS" starttime="20200701 16:19:18.027" endtime="20200701 16:19:21.334"></status>
</kw>
<kw name="Maximize Browser Window" library="SeleniumLibrary">
<doc>Maximizes current browser window.</doc>
<status status="PASS" starttime="20200701 16:19:21.335" endtime="20200701 16:19:23.464"></status>
</kw>
<status status="PASS" starttime="20200701 16:19:18.027" endtime="20200701 16:19:23.465"></status>
</kw>
<kw name="Go to Foodie Front Page" library="FoodieApp">
<kw name="Load Foodie Front Page" library="FrontPage">
<kw name="Go To" library="SeleniumLibrary">
<doc>Navigates the current browser window to the provided ``url``.</doc>
<arguments>
<arg>https://www.foodie.fi/</arg>
</arguments>
<msg timestamp="20200701 16:19:23.468" level="INFO">Opening url 'https://www.foodie.fi/'</msg>
<status status="PASS" starttime="20200701 16:19:23.468" endtime="20200701 16:19:25.745"></status>
</kw>
<kw name="Wait Until Page Contains Element" library="SeleniumLibrary">
<doc>Waits until the element ``locator`` appears on the current page.</doc>
<arguments>
<arg>${FRONTPAGE_PANEL}</arg>
</arguments>
<status status="PASS" starttime="20200701 16:19:25.746" endtime="20200701 16:19:25.862"></status>
</kw>
<kw name="Title Should Be" library="SeleniumLibrary">
<doc>Verifies that the current page title equals ``title``.</doc>
<arguments>
<arg>Foodie.fi</arg>
</arguments>
<msg timestamp="20200701 16:19:25.883" level="INFO">Page title is 'Foodie.fi'.</msg>
<status status="PASS" starttime="20200701 16:19:25.862" endtime="20200701 16:19:25.883"></status>
</kw>
<status status="PASS" starttime="20200701 16:19:23.467" endtime="20200701 16:19:25.884"></status>
</kw>
<status status="PASS" starttime="20200701 16:19:23.466" endtime="20200701 16:19:25.884"></status>
</kw>
<kw name="End Web Test" library="Common" type="teardown">
<kw name="Close Browser" library="SeleniumLibrary">
<doc>Closes the current browser.</doc>
<status status="PASS" starttime="20200701 16:19:25.887" endtime="20200701 16:19:28.118"></status>
</kw>
<status status="PASS" starttime="20200701 16:19:25.885" endtime="20200701 16:19:28.119"></status>
</kw>
<status status="PASS" starttime="20200701 16:19:18.025" endtime="20200701 16:19:28.121" critical="yes"></status>
</test>
<test id="s1-s1-t2" name="Search a receipe">
<kw name="Begin Web Test" library="Common" type="setup">
<kw name="Open Browser" library="SeleniumLibrary">
<doc>Opens a new browser instance to the optional ``url``.</doc>
<arguments>
<arg>about:blank</arg>
<arg>Chrome</arg>
</arguments>
<msg timestamp="20200701 16:19:28.136" level="INFO">Opening browser 'Chrome' to base url 'about:blank'.</msg>
<status status="PASS" starttime="20200701 16:19:28.135" endtime="20200701 16:19:31.707"></status>
</kw>
<kw name="Maximize Browser Window" library="SeleniumLibrary">
<doc>Maximizes current browser window.</doc>
<status status="PASS" starttime="20200701 16:19:31.708" endtime="20200701 16:19:33.833"></status>
</kw>
<status status="PASS" starttime="20200701 16:19:28.134" endtime="20200701 16:19:33.834"></status>
</kw>
<kw name="Log" library="BuiltIn">
<doc>Logs the given message with the given level.</doc>
<arguments>
<arg>Not Implemented</arg>
</arguments>
<msg timestamp="20200701 16:19:33.835" level="INFO">Not Implemented</msg>
<status status="PASS" starttime="20200701 16:19:33.835" endtime="20200701 16:19:33.836"></status>
</kw>
<kw name="End Web Test" library="Common" type="teardown">
<kw name="Close Browser" library="SeleniumLibrary">
<doc>Closes the current browser.</doc>
<status status="PASS" starttime="20200701 16:19:33.839" endtime="20200701 16:19:37.115"></status>
</kw>
<status status="PASS" starttime="20200701 16:19:33.837" endtime="20200701 16:19:37.116"></status>
</kw>
<status status="PASS" starttime="20200701 16:19:28.131" endtime="20200701 16:19:37.117" critical="yes"></status>
</test>
<test id="s1-s1-t3" name="Add a receipe to the shopping list">
<kw name="Begin Web Test" library="Common" type="setup">
<kw name="Open Browser" library="SeleniumLibrary">
<doc>Opens a new browser instance to the optional ``url``.</doc>
<arguments>
<arg>about:blank</arg>
<arg>Chrome</arg>
</arguments>
<msg timestamp="20200701 16:19:37.126" level="INFO">Opening browser 'Chrome' to base url 'about:blank'.</msg>
<status status="PASS" starttime="20200701 16:19:37.126" endtime="20200701 16:19:40.623"></status>
</kw>
<kw name="Maximize Browser Window" library="SeleniumLibrary">
<doc>Maximizes current browser window.</doc>
<status status="PASS" starttime="20200701 16:19:40.624" endtime="20200701 16:19:42.751"></status>
</kw>
<status status="PASS" starttime="20200701 16:19:37.125" endtime="20200701 16:19:42.751"></status>
</kw>
<kw name="Log" library="BuiltIn">
<doc>Logs the given message with the given level.</doc>
<arguments>
<arg>Not Implemented</arg>
</arguments>
<msg timestamp="20200701 16:19:42.752" level="INFO">Not Implemented</msg>
<status status="PASS" starttime="20200701 16:19:42.752" endtime="20200701 16:19:42.752"></status>
</kw>
<kw name="End Web Test" library="Common" type="teardown">
<kw name="Close Browser" library="SeleniumLibrary">
<doc>Closes the current browser.</doc>
<status status="PASS" starttime="20200701 16:19:42.754" endtime="20200701 16:19:46.043"></status>
</kw>
<status status="PASS" starttime="20200701 16:19:42.753" endtime="20200701 16:19:46.044"></status>
</kw>
<status status="PASS" starttime="20200701 16:19:37.122" endtime="20200701 16:19:46.046" critical="yes"></status>
</test>
<status status="PASS" starttime="20200701 16:19:17.707" endtime="20200701 16:19:46.059"></status>
</suite>
<status status="PASS" starttime="20200701 16:19:17.668" endtime="20200701 16:19:46.106"></status>
</suite>
<statistics>
<total>
<stat pass="3" fail="0">Critical Tests</stat>
<stat pass="3" fail="0">All Tests</stat>
</total>
<tag>
</tag>
<suite>
<stat pass="3" fail="0" id="s1" name="Tests">Tests</stat>
<stat pass="3" fail="0" id="s1-s1" name="FoodieReceipts">Tests.FoodieReceipts</stat>
</suite>
</statistics>
<errors>
</errors>
</robot>
